2026-02-10 17:50:38,852 - ERROR - Failed to connect to PG: connection to server at "localhost" (::1), port 5432 failed: FATAL:  password authentication failed for user "c2user"
connection to server at "localhost" (::1), port 5432 failed: FATAL:  password authentication failed for user "c2user"

2026-02-10 17:50:38,866 - ERROR - Failed to connect to PG: connection to server at "localhost" (::1), port 5432 failed: FATAL:  password authentication failed for user "c2user"
connection to server at "localhost" (::1), port 5432 failed: FATAL:  password authentication failed for user "c2user"

2026-02-10 17:50:38,897 - INFO - Started Monitoring Zeek logs at /home/user/Desktop/c2/c2/logs/zeek/conn.log
2026-02-10 17:59:17,489 - ERROR - Failed to connect to PG: connection to server at "localhost" (::1), port 5432 failed: FATAL:  password authentication failed for user "c2user"
connection to server at "localhost" (::1), port 5432 failed: FATAL:  password authentication failed for user "c2user"

2026-02-10 17:59:17,513 - ERROR - Failed to connect to PG: connection to server at "localhost" (::1), port 5432 failed: FATAL:  password authentication failed for user "c2user"
connection to server at "localhost" (::1), port 5432 failed: FATAL:  password authentication failed for user "c2user"

2026-02-10 17:59:17,518 - INFO - Started Monitoring Zeek logs at /home/user/Desktop/c2/c2/logs/zeek/conn.log
2026-02-10 18:02:13,328 - ERROR - Failed to connect to PG: connection to server at "localhost" (::1), port 5432 failed: FATAL:  password authentication failed for user "c2user"
connection to server at "localhost" (::1), port 5432 failed: FATAL:  password authentication failed for user "c2user"

2026-02-10 18:02:13,344 - ERROR - Failed to connect to PG: connection to server at "localhost" (::1), port 5432 failed: FATAL:  password authentication failed for user "c2user"
connection to server at "localhost" (::1), port 5432 failed: FATAL:  password authentication failed for user "c2user"

2026-02-10 18:02:13,346 - INFO - Started Monitoring Zeek logs at /home/user/Desktop/c2/c2/logs/zeek/conn.log
2026-02-10 18:02:34,450 - ERROR - Failed to connect to PG: connection to server at "localhost" (::1), port 5432 failed: FATAL:  password authentication failed for user "c2user"
connection to server at "localhost" (::1), port 5432 failed: FATAL:  password authentication failed for user "c2user"

2026-02-10 18:02:34,473 - ERROR - Failed to connect to PG: connection to server at "localhost" (::1), port 5432 failed: FATAL:  password authentication failed for user "c2user"
connection to server at "localhost" (::1), port 5432 failed: FATAL:  password authentication failed for user "c2user"

2026-02-10 18:02:34,475 - INFO - Started Monitoring Zeek logs at /home/user/Desktop/c2/c2/logs/zeek/conn.log
2026-02-10 18:16:02,842 - ERROR - Failed to connect to PG: connection to server at "localhost" (::1), port 5432 failed: FATAL:  password authentication failed for user "c2user"
connection to server at "localhost" (::1), port 5432 failed: FATAL:  password authentication failed for user "c2user"

2026-02-10 18:16:02,865 - ERROR - Failed to connect to PG: connection to server at "localhost" (::1), port 5432 failed: FATAL:  password authentication failed for user "c2user"
connection to server at "localhost" (::1), port 5432 failed: FATAL:  password authentication failed for user "c2user"

2026-02-10 18:16:02,868 - INFO - Started Monitoring Zeek logs at /home/user/Desktop/c2/c2/logs/zeek/conn.log
2026-02-10 18:20:25,087 - INFO - Connected to PostgreSQL
2026-02-10 18:20:25,099 - INFO - Started Monitoring Zeek logs at /home/user/Desktop/c2/c2/logs/zeek/conn.log
2026-02-10 18:30:30,053 - INFO - Connected to PostgreSQL
2026-02-10 18:30:30,168 - INFO - Connected to PostgreSQL
2026-02-10 18:30:30,190 - INFO - Started Monitoring Zeek logs at /home/user/Desktop/c2/c2/logs/zeek/conn.log
2026-02-10 18:30:30,204 - INFO - Imported 10 records from conn.log
2026-02-10 18:30:30,398 - INFO - Imported 5 records from conn.log
2026-02-10 18:30:30,404 - INFO - Imported 5 records from conn.log
2026-02-10 18:30:31,432 - INFO - Imported 5 records from conn.log
2026-02-10 18:30:31,437 - INFO - Imported 5 records from conn.log
2026-02-10 18:30:32,437 - INFO - Imported 4 records from conn.log
2026-02-10 18:30:32,441 - INFO - Imported 4 records from conn.log
2026-02-10 18:30:33,467 - INFO - Imported 5 records from conn.log
2026-02-10 18:30:33,473 - INFO - Imported 5 records from conn.log
2026-02-10 18:30:34,464 - INFO - Imported 4 records from conn.log
2026-02-10 18:30:34,468 - INFO - Imported 4 records from conn.log
2026-02-10 18:30:35,471 - INFO - Imported 5 records from conn.log
2026-02-10 18:30:35,475 - INFO - Imported 5 records from conn.log
2026-02-10 18:30:36,520 - INFO - Imported 5 records from conn.log
2026-02-10 18:30:36,525 - INFO - Imported 5 records from conn.log
2026-02-10 18:30:37,528 - INFO - Imported 5 records from conn.log
2026-02-10 18:30:37,532 - INFO - Imported 5 records from conn.log
2026-02-10 18:30:38,528 - INFO - Imported 4 records from conn.log
2026-02-10 18:30:38,532 - INFO - Imported 4 records from conn.log
2026-02-10 18:30:39,542 - INFO - Imported 6 records from conn.log
2026-02-10 18:30:39,550 - INFO - Imported 6 records from conn.log
2026-02-10 18:30:40,546 - INFO - Imported 4 records from conn.log
2026-02-10 18:30:40,552 - INFO - Imported 4 records from conn.log
2026-02-10 18:30:41,573 - INFO - Imported 6 records from conn.log
2026-02-10 18:30:41,579 - INFO - Imported 6 records from conn.log
2026-02-10 18:30:42,589 - INFO - Imported 4 records from conn.log
2026-02-10 18:30:42,597 - INFO - Imported 4 records from conn.log
2026-02-10 18:30:43,597 - INFO - Imported 6 records from conn.log
2026-02-10 18:30:43,603 - INFO - Imported 6 records from conn.log
2026-02-10 18:30:44,628 - INFO - Imported 3 records from conn.log
2026-02-10 18:30:44,632 - INFO - Imported 3 records from conn.log
2026-02-10 18:30:45,720 - INFO - Imported 7 records from conn.log
2026-02-10 18:30:45,726 - INFO - Imported 7 records from conn.log
2026-02-10 18:30:46,745 - INFO - Imported 4 records from conn.log
2026-02-10 18:30:46,752 - INFO - Imported 4 records from conn.log
2026-02-10 18:30:47,771 - INFO - Imported 6 records from conn.log
2026-02-10 18:30:47,776 - INFO - Imported 6 records from conn.log
2026-02-10 18:30:48,827 - INFO - Imported 3 records from conn.log
2026-02-10 18:30:48,832 - INFO - Imported 3 records from conn.log
2026-02-10 18:30:49,823 - INFO - Imported 5 records from conn.log
2026-02-10 18:30:49,828 - INFO - Imported 5 records from conn.log
2026-02-10 18:30:50,827 - INFO - Imported 4 records from conn.log
2026-02-10 18:30:50,834 - INFO - Imported 4 records from conn.log
2026-02-10 18:30:51,836 - INFO - Imported 6 records from conn.log
2026-02-10 18:30:51,841 - INFO - Imported 6 records from conn.log
2026-02-10 18:30:52,844 - INFO - Imported 4 records from conn.log
2026-02-10 18:30:52,849 - INFO - Imported 4 records from conn.log
2026-02-10 18:30:53,948 - INFO - Imported 6 records from conn.log
2026-02-10 18:30:53,953 - INFO - Imported 6 records from conn.log
2026-02-10 18:30:55,033 - INFO - Imported 4 records from conn.log
2026-02-10 18:30:55,039 - INFO - Imported 4 records from conn.log
2026-02-10 18:30:56,041 - INFO - Imported 6 records from conn.log
2026-02-10 18:30:56,045 - INFO - Imported 6 records from conn.log
2026-02-10 18:30:57,059 - INFO - Imported 4 records from conn.log
2026-02-10 18:30:57,064 - INFO - Imported 4 records from conn.log
2026-02-10 18:30:58,077 - INFO - Imported 6 records from conn.log
2026-02-10 18:30:58,082 - INFO - Imported 6 records from conn.log
2026-02-10 18:30:59,073 - INFO - Imported 4 records from conn.log
2026-02-10 18:30:59,078 - INFO - Imported 4 records from conn.log
2026-02-10 18:31:00,078 - INFO - Imported 5 records from conn.log
2026-02-10 18:31:00,084 - INFO - Imported 5 records from conn.log
2026-02-10 18:31:01,090 - INFO - Imported 5 records from conn.log
2026-02-10 18:31:01,095 - INFO - Imported 5 records from conn.log
2026-02-10 18:31:02,323 - INFO - Imported 5 records from conn.log
2026-02-10 18:31:02,331 - INFO - Imported 5 records from conn.log
2026-02-10 18:31:03,200 - INFO - Imported 5 records from conn.log
2026-02-10 18:31:03,206 - INFO - Imported 5 records from conn.log
2026-02-10 18:31:04,304 - INFO - Imported 5 records from conn.log
2026-02-10 18:31:04,304 - INFO - Imported 5 records from conn.log
2026-02-10 18:31:05,394 - INFO - Imported 5 records from conn.log
2026-02-10 18:31:05,399 - INFO - Imported 5 records from conn.log
2026-02-10 18:31:06,480 - INFO - Imported 5 records from conn.log
2026-02-10 18:31:06,487 - INFO - Imported 5 records from conn.log
2026-02-10 18:31:07,486 - INFO - Imported 5 records from conn.log
2026-02-10 18:31:07,491 - INFO - Imported 5 records from conn.log
2026-02-10 18:31:08,581 - INFO - Imported 6 records from conn.log
2026-02-10 18:31:08,587 - INFO - Imported 6 records from conn.log
2026-02-10 18:31:09,667 - INFO - Imported 4 records from conn.log
2026-02-10 18:31:09,673 - INFO - Imported 4 records from conn.log
2026-02-10 18:31:10,672 - INFO - Imported 6 records from conn.log
2026-02-10 18:31:10,677 - INFO - Imported 6 records from conn.log
2026-02-10 18:31:11,745 - INFO - Imported 4 records from conn.log
2026-02-10 18:31:11,749 - INFO - Imported 4 records from conn.log
2026-02-10 18:31:12,843 - INFO - Imported 6 records from conn.log
2026-02-10 18:31:12,848 - INFO - Imported 6 records from conn.log
2026-02-10 18:31:13,939 - INFO - Imported 4 records from conn.log
2026-02-10 18:31:13,949 - INFO - Imported 4 records from conn.log
2026-02-10 18:31:14,947 - INFO - Imported 5 records from conn.log
2026-02-10 18:31:14,953 - INFO - Imported 5 records from conn.log
2026-02-10 18:31:15,969 - INFO - Imported 5 records from conn.log
2026-02-10 18:31:15,973 - INFO - Imported 5 records from conn.log
2026-02-10 18:31:16,989 - INFO - Imported 5 records from conn.log
2026-02-10 18:31:17,055 - INFO - Imported 5 records from conn.log
2026-02-10 18:31:18,036 - INFO - Imported 5 records from conn.log
2026-02-10 18:31:18,041 - INFO - Imported 5 records from conn.log
2026-02-10 18:31:19,136 - INFO - Imported 5 records from conn.log
2026-02-10 18:31:19,141 - INFO - Imported 5 records from conn.log
2026-02-10 18:31:20,720 - INFO - Imported 5 records from conn.log
2026-02-10 18:31:20,769 - INFO - Imported 5 records from conn.log
2026-02-10 18:31:21,309 - INFO - Imported 5 records from conn.log
2026-02-10 18:31:21,320 - INFO - Imported 5 records from conn.log
2026-02-10 18:31:22,315 - INFO - Imported 5 records from conn.log
2026-02-10 18:31:22,321 - INFO - Imported 5 records from conn.log
2026-02-10 18:31:23,329 - INFO - Imported 5 records from conn.log
2026-02-10 18:31:23,333 - INFO - Imported 5 records from conn.log
2026-02-10 18:31:24,413 - INFO - Imported 5 records from conn.log
2026-02-10 18:31:24,418 - INFO - Imported 5 records from conn.log
2026-02-10 18:31:25,416 - INFO - Imported 5 records from conn.log
2026-02-10 18:31:25,421 - INFO - Imported 5 records from conn.log
2026-02-10 18:31:26,498 - INFO - Imported 5 records from conn.log
2026-02-10 18:31:26,502 - INFO - Imported 5 records from conn.log
2026-02-10 18:31:27,588 - INFO - Imported 5 records from conn.log
2026-02-10 18:31:27,593 - INFO - Imported 5 records from conn.log
2026-02-10 18:31:28,593 - INFO - Imported 5 records from conn.log
2026-02-10 18:31:28,597 - INFO - Imported 5 records from conn.log
2026-02-10 18:31:29,826 - INFO - Imported 5 records from conn.log
2026-02-10 18:31:29,835 - INFO - Imported 5 records from conn.log
2026-02-10 18:31:30,731 - INFO - Imported 5 records from conn.log
2026-02-10 18:31:30,739 - INFO - Imported 5 records from conn.log
2026-02-10 18:31:31,810 - INFO - Imported 5 records from conn.log
2026-02-10 18:31:31,816 - INFO - Imported 5 records from conn.log
2026-02-10 18:31:32,822 - INFO - Imported 5 records from conn.log
2026-02-10 18:31:32,828 - INFO - Imported 5 records from conn.log
2026-02-10 18:31:33,890 - INFO - Imported 5 records from conn.log
2026-02-10 18:31:33,895 - INFO - Imported 5 records from conn.log
2026-02-10 18:31:34,974 - INFO - Imported 5 records from conn.log
2026-02-10 18:31:34,980 - INFO - Imported 5 records from conn.log
2026-02-10 18:31:36,012 - INFO - Imported 5 records from conn.log
2026-02-10 18:31:36,020 - INFO - Imported 5 records from conn.log
2026-02-10 18:31:37,009 - INFO - Imported 6 records from conn.log
2026-02-10 18:31:37,016 - INFO - Imported 6 records from conn.log
2026-02-10 18:31:38,111 - INFO - Imported 5 records from conn.log
2026-02-10 18:31:38,115 - INFO - Imported 5 records from conn.log
2026-02-10 18:31:39,215 - INFO - Imported 5 records from conn.log
2026-02-10 18:31:39,220 - INFO - Imported 5 records from conn.log
2026-02-10 18:31:40,216 - INFO - Imported 5 records from conn.log
2026-02-10 18:31:40,222 - INFO - Imported 5 records from conn.log
2026-02-10 18:31:41,268 - INFO - Imported 5 records from conn.log
2026-02-10 18:31:41,278 - INFO - Imported 5 records from conn.log
2026-02-10 18:31:42,342 - INFO - Imported 5 records from conn.log
2026-02-10 18:31:42,348 - INFO - Imported 5 records from conn.log
2026-02-10 18:31:43,438 - INFO - Imported 5 records from conn.log
2026-02-10 18:31:43,444 - INFO - Imported 5 records from conn.log
2026-02-10 18:31:44,539 - INFO - Imported 6 records from conn.log
2026-02-10 18:31:44,545 - INFO - Imported 6 records from conn.log
2026-02-10 18:31:45,547 - INFO - Imported 4 records from conn.log
2026-02-10 18:31:45,551 - INFO - Imported 4 records from conn.log
2026-02-10 18:31:46,599 - INFO - Imported 5 records from conn.log
2026-02-10 18:31:46,604 - INFO - Imported 5 records from conn.log
2026-02-10 18:31:47,600 - INFO - Imported 5 records from conn.log
2026-02-10 18:31:47,606 - INFO - Imported 5 records from conn.log
2026-02-10 18:31:48,628 - INFO - Imported 5 records from conn.log
2026-02-10 18:31:48,632 - INFO - Imported 5 records from conn.log
2026-02-10 18:31:49,655 - INFO - Imported 5 records from conn.log
2026-02-10 18:31:49,659 - INFO - Imported 5 records from conn.log
2026-02-10 18:31:50,661 - INFO - Imported 4 records from conn.log
2026-02-10 18:31:50,668 - INFO - Imported 4 records from conn.log
2026-02-10 18:31:51,745 - INFO - Imported 6 records from conn.log
2026-02-10 18:31:51,753 - INFO - Imported 6 records from conn.log
2026-02-10 18:31:52,757 - INFO - Imported 4 records from conn.log
2026-02-10 18:31:52,764 - INFO - Imported 4 records from conn.log
2026-02-10 18:31:53,839 - INFO - Imported 5 records from conn.log
2026-02-10 18:31:53,845 - INFO - Imported 5 records from conn.log
2026-02-10 18:31:54,905 - INFO - Imported 5 records from conn.log
2026-02-10 18:31:54,913 - INFO - Imported 5 records from conn.log
2026-02-10 18:31:55,959 - INFO - Imported 5 records from conn.log
2026-02-10 18:31:55,968 - INFO - Imported 5 records from conn.log
2026-02-10 18:31:57,073 - INFO - Imported 5 records from conn.log
2026-02-10 18:31:57,081 - INFO - Imported 5 records from conn.log
2026-02-10 18:31:58,125 - INFO - Imported 6 records from conn.log
2026-02-10 18:31:58,132 - INFO - Imported 6 records from conn.log
2026-02-10 18:31:59,219 - INFO - Imported 5 records from conn.log
2026-02-10 18:31:59,224 - INFO - Imported 5 records from conn.log
2026-02-10 18:32:00,286 - INFO - Imported 5 records from conn.log
2026-02-10 18:32:00,296 - INFO - Imported 5 records from conn.log
2026-02-10 18:32:01,324 - INFO - Imported 5 records from conn.log
2026-02-10 18:32:01,332 - INFO - Imported 5 records from conn.log
2026-02-10 18:32:02,379 - INFO - Imported 5 records from conn.log
2026-02-10 18:32:02,387 - INFO - Imported 5 records from conn.log
2026-02-10 18:32:03,441 - INFO - Imported 3 records from conn.log
2026-02-10 18:32:03,446 - INFO - Imported 3 records from conn.log
2026-02-10 18:32:04,470 - INFO - Imported 3 records from conn.log
2026-02-10 18:32:04,474 - INFO - Imported 3 records from conn.log
2026-02-10 18:32:05,469 - INFO - Imported 3 records from conn.log
2026-02-10 18:32:05,475 - INFO - Imported 3 records from conn.log
2026-02-10 18:32:06,487 - INFO - Imported 3 records from conn.log
2026-02-10 18:32:06,493 - INFO - Imported 3 records from conn.log
2026-02-10 18:32:07,519 - INFO - Imported 1 records from conn.log
2026-02-10 18:32:07,524 - INFO - Imported 1 records from conn.log
2026-02-10 18:32:08,552 - INFO - Imported 1 records from conn.log
2026-02-10 18:32:08,557 - INFO - Imported 1 records from conn.log
2026-02-10 18:32:10,577 - INFO - Imported 1 records from conn.log
2026-02-10 18:32:10,584 - INFO - Imported 1 records from conn.log
2026-02-10 18:32:11,576 - INFO - Imported 1 records from conn.log
2026-02-10 18:32:11,581 - INFO - Imported 1 records from conn.log
2026-02-10 18:32:36,119 - INFO - Imported 1 records from conn.log
2026-02-10 18:32:36,123 - INFO - Imported 1 records from conn.log
2026-02-10 18:32:50,357 - INFO - Imported 1 records from conn.log
2026-02-10 18:32:50,363 - INFO - Imported 1 records from conn.log
2026-02-10 18:33:12,821 - INFO - Imported 1 records from conn.log
2026-02-10 18:33:12,826 - INFO - Imported 1 records from conn.log
2026-02-10 18:33:18,889 - INFO - Connected to PostgreSQL
2026-02-10 18:33:18,940 - INFO - Started Monitoring Zeek logs at /home/user/Desktop/c2/c2/logs/zeek/conn.log
2026-02-10 18:33:19,157 - INFO - Imported 1 records from conn.log
2026-02-10 18:39:27,598 - INFO - Imported 1 records from conn.log
2026-02-10 18:39:36,780 - INFO - Imported 1 records from conn.log
2026-02-10 18:52:10,535 - INFO - Connected to PostgreSQL
2026-02-10 18:52:10,538 - INFO - Started Monitoring Zeek logs at /home/user/Desktop/c2/c2/logs/zeek/conn.log
2026-02-10 18:59:19,439 - INFO - Imported 1 records from conn.log
2026-02-10 19:00:00,008 - INFO - Imported 1 records from conn.log
2026-02-10 19:04:25,208 - INFO - Connected to PostgreSQL
2026-02-10 19:04:25,211 - INFO - Started Monitoring Zeek logs at /home/user/Desktop/c2/c2/logs/zeek/conn.log
2026-02-10 19:11:01,674 - INFO - Connected to PostgreSQL
2026-02-10 19:11:01,686 - INFO - Started Monitoring Zeek logs at /home/user/Desktop/c2/c2/logs/zeek/conn.log
2026-02-10 19:12:34,715 - INFO - Connected to PostgreSQL
2026-02-10 19:12:34,718 - INFO - Started Monitoring Zeek logs at /home/user/Desktop/c2/c2/logs/zeek/conn.log
2026-02-10 19:24:14,455 - INFO - Connected to PostgreSQL
2026-02-10 19:24:14,459 - INFO - Started Monitoring Zeek logs at /home/user/Desktop/c2/c2/logs/zeek/conn.log
2026-02-10 19:25:30,618 - INFO - Connected to PostgreSQL
2026-02-10 19:25:30,631 - INFO - Started Monitoring Zeek logs at /home/user/Desktop/c2/c2/logs/zeek/conn.log
2026-02-11 17:05:12,772 - INFO - Connected to PostgreSQL
2026-02-11 17:05:12,788 - INFO - Started Monitoring Zeek logs at /home/user/Desktop/c2/c2/logs/zeek/conn.log
2026-02-11 17:53:16,371 - INFO - Imported 6 records from conn.log
2026-02-11 17:53:54,163 - INFO - Imported 1 records from conn.log
2026-02-11 17:53:56,193 - INFO - Imported 1 records from conn.log
2026-02-11 17:58:22,937 - INFO - Imported 1 records from conn.log
2026-02-11 17:58:24,912 - INFO - Imported 2 records from conn.log
2026-02-11 18:00:00,021 - INFO - Imported 2 records from conn.log
2026-02-11 18:02:37,029 - INFO - Connected to PostgreSQL
2026-02-11 18:02:37,031 - INFO - Started Monitoring Zeek logs at /home/user/Desktop/c2/c2/logs/zeek/conn.log
2026-02-12 14:19:21,425 - INFO - Connected to PostgreSQL
2026-02-12 14:19:21,429 - INFO - Started Monitoring Zeek logs at /home/user/Desktop/c2/c2/logs/zeek/conn.log
2026-02-12 14:28:10,973 - INFO - Connected to PostgreSQL
2026-02-12 14:28:10,981 - INFO - Started Monitoring Zeek logs at /home/user/Desktop/c2/c2/logs/zeek/conn.log
2026-02-12 14:39:58,139 - INFO - Imported 1 records from conn.log
2026-02-12 14:40:06,122 - INFO - Imported 1 records from conn.log
2026-02-12 14:41:46,207 - INFO - Imported 1 records from conn.log
2026-02-12 14:44:20,380 - INFO - Imported 1 records from conn.log
2026-02-12 14:45:40,452 - INFO - Imported 1 records from conn.log
2026-02-12 14:45:59,457 - INFO - Imported 1 records from conn.log
2026-02-12 14:47:51,565 - INFO - Imported 1 records from conn.log
2026-02-12 14:50:08,264 - INFO - Connected to PostgreSQL
2026-02-12 14:50:08,268 - INFO - Started Monitoring Zeek logs at /home/user/Desktop/c2/c2/logs/zeek/conn.log
2026-02-12 14:50:45,245 - INFO - Imported 1 records from conn.log
2026-02-12 14:51:43,841 - INFO - Connected to PostgreSQL
2026-02-12 14:51:43,854 - INFO - Imported 11 records from conn.log
2026-02-12 14:51:43,856 - INFO - Started Monitoring Zeek logs at /home/user/Desktop/c2/c2/logs/zeek/conn.log
2026-02-12 14:52:07,999 - INFO - Imported 1 records from conn.log
2026-02-12 14:52:17,165 - INFO - Imported 1 records from conn.log
2026-02-12 14:52:26,206 - INFO - Imported 1 records from conn.log
2026-02-12 14:53:59,276 - INFO - Imported 1 records from conn.log
2026-02-12 14:54:00,373 - INFO - Imported 1 records from conn.log
2026-02-12 14:54:01,376 - INFO - Imported 2 records from conn.log
2026-02-12 14:54:09,484 - INFO - Imported 1 records from conn.log
2026-02-12 14:54:11,501 - INFO - Imported 1 records from conn.log
2026-02-12 14:54:54,783 - INFO - Imported 2 records from conn.log
2026-02-12 14:57:37,917 - INFO - Imported 1 records from conn.log
2026-02-12 14:57:38,447 - INFO - Connected to PostgreSQL
2026-02-12 14:57:38,469 - INFO - Imported 10 records from conn.log
2026-02-12 14:57:38,471 - INFO - Started Monitoring Zeek logs at /home/user/Desktop/c2/c2/logs/zeek/conn.log
2026-02-12 14:59:15,127 - INFO - Connected to PostgreSQL
2026-02-12 14:59:15,179 - INFO - Imported 10 records from conn.log
2026-02-12 14:59:15,182 - INFO - Started Monitoring Zeek logs at /home/user/Desktop/c2/c2/logs/zeek/conn.log
2026-02-12 15:00:00,004 - INFO - Imported 1 records from conn.log
2026-02-12 15:01:24,024 - INFO - Imported 9 records from conn.log
2026-02-12 15:03:01,540 - INFO - Imported 1 records from conn.log
2026-02-12 15:07:53,338 - INFO - Connected to PostgreSQL
2026-02-12 15:07:53,352 - INFO - Imported 10 records from conn.log
2026-02-12 15:07:53,405 - INFO - Started Monitoring Zeek logs at /home/user/Desktop/c2/c2/logs/zeek/conn.log
2026-02-12 15:09:36,542 - INFO - Imported 1 records from conn.log
2026-02-12 15:10:54,908 - INFO - Connected to PostgreSQL
2026-02-12 15:10:54,919 - INFO - Imported 10 records from conn.log
2026-02-12 15:10:54,922 - INFO - Started Monitoring Zeek logs at /home/user/Desktop/c2/c2/logs/zeek/conn.log
2026-02-12 15:12:02,926 - INFO - Imported 1 records from conn.log
2026-02-13 05:16:29,502 - INFO - Connected to PostgreSQL
2026-02-13 05:16:29,633 - INFO - Imported 10 records from conn.log
2026-02-13 05:16:29,636 - INFO - Started Monitoring Zeek logs at /home/user/Desktop/c2/c2/logs/zeek/conn.log
2026-02-13 05:21:47,451 - INFO - Connected to PostgreSQL
2026-02-13 05:21:47,465 - INFO - Imported 10 records from conn.log
2026-02-13 05:21:47,467 - INFO - Started Monitoring Zeek logs at /home/user/Desktop/c2/c2/logs/zeek/conn.log
2026-02-13 05:43:19,168 - INFO - Connected to PostgreSQL
2026-02-13 05:43:19,215 - INFO - Imported 10 records from conn.log
2026-02-13 05:43:19,217 - INFO - Started Monitoring Zeek logs at /home/user/Desktop/c2/c2/logs/zeek/conn.log
2026-02-13 05:47:12,389 - INFO - Connected to PostgreSQL
2026-02-13 05:47:12,409 - INFO - Imported 10 records from conn.log
2026-02-13 05:47:12,412 - INFO - Started Monitoring Zeek logs at /home/user/Desktop/c2/c2/logs/zeek/conn.log
2026-02-13 05:48:46,830 - INFO - Imported 1 records from conn.log
2026-02-13 05:49:15,016 - INFO - Imported 1 records from conn.log
2026-02-13 05:49:50,071 - INFO - Connected to PostgreSQL
2026-02-13 05:49:50,089 - INFO - Imported 10 records from conn.log
2026-02-13 05:49:50,100 - INFO - Started Monitoring Zeek logs at /home/user/Desktop/c2/c2/logs/zeek/conn.log
2026-02-13 05:52:43,940 - INFO - Imported 1 records from conn.log
2026-02-13 05:54:44,759 - INFO - Connected to PostgreSQL
2026-02-13 05:54:44,785 - INFO - Imported 10 records from conn.log
2026-02-13 05:54:44,789 - INFO - Started Monitoring Zeek logs at /home/user/Desktop/c2/c2/logs/zeek/conn.log
2026-02-13 05:57:16,401 - INFO - Imported 1 records from conn.log
2026-02-13 05:58:54,337 - INFO - Imported 1 records from conn.log
2026-02-13 05:58:54,342 - ERROR - Error parsing line: SSL connection has been closed unexpectedly

2026-02-13 05:58:54,346 - ERROR - Error processing log file: connection already closed
2026-02-13 05:59:14,991 - INFO - Imported 1 records from conn.log
2026-02-13 05:59:15,007 - INFO - Connected to PostgreSQL
2026-02-13 05:59:15,016 - INFO - Imported 1 records from conn.log
2026-02-13 06:03:41,639 - INFO - Connected to PostgreSQL
2026-02-13 06:03:41,837 - INFO - Imported 10 records from conn.log
2026-02-13 06:03:41,838 - INFO - Started Monitoring Zeek logs at /home/user/Desktop/c2/c2/logs/zeek/conn.log
2026-02-13 06:22:51,284 - INFO - Connected to PostgreSQL
2026-02-13 06:22:51,295 - INFO - Imported 10 records from conn.log
2026-02-13 06:22:51,297 - INFO - Started Monitoring Zeek logs at /home/user/Desktop/c2/c2/logs/zeek/conn.log
2026-02-13 06:43:38,390 - INFO - Connected to PostgreSQL
2026-02-13 06:43:38,414 - INFO - Imported 10 records from conn.log
2026-02-13 06:43:38,418 - INFO - Started Monitoring Zeek logs at /home/user/Desktop/c2/c2/logs/zeek/conn.log
2026-02-13 06:43:44,310 - INFO - Imported 1 records from conn.log
2026-02-13 06:44:31,801 - INFO - Imported 1 records from conn.log
2026-02-13 06:44:47,640 - INFO - Imported 1 records from conn.log
2026-02-13 06:45:07,213 - INFO - Imported 1 records from conn.log
2026-02-13 06:45:50,011 - INFO - Imported 1 records from conn.log
2026-02-13 06:46:01,122 - INFO - Imported 1 records from conn.log
2026-02-13 06:49:42,353 - INFO - Imported 1 records from conn.log
2026-02-13 06:50:50,869 - INFO - Imported 1 records from conn.log
2026-02-13 06:53:49,577 - INFO - Imported 1 records from conn.log
2026-02-13 06:55:42,902 - INFO - Imported 1 records from conn.log
2026-02-13 07:00:00,008 - INFO - Imported 1 records from conn.log
2026-02-13 07:02:43,788 - INFO - Imported 9 records from conn.log
2026-02-13 07:05:51,216 - INFO - Imported 1 records from conn.log
2026-02-13 07:07:54,385 - INFO - Imported 1 records from conn.log
2026-02-13 07:10:45,173 - INFO - Imported 1 records from conn.log
2026-02-13 07:17:48,541 - INFO - Imported 1 records from conn.log
2026-02-13 07:17:56,559 - INFO - Imported 1 records from conn.log
2026-02-13 07:18:20,607 - INFO - Imported 2 records from conn.log
2026-02-13 07:18:53,824 - INFO - Imported 1 records from conn.log
2026-02-13 08:00:00,003 - INFO - Imported 1 records from conn.log
2026-02-14 18:35:39,518 - INFO - Connected to PostgreSQL
2026-02-14 18:35:39,532 - INFO - Started Monitoring Zeek logs at /home/user/Desktop/c2/c2/logs/zeek/conn.log
2026-02-26 07:18:21,222 - INFO - Connected to PostgreSQL
2026-02-26 07:18:21,225 - INFO - Started Monitoring Zeek logs at /home/user/Desktop/c2/c2/logs/zeek/conn.log
2026-02-26 07:23:42,707 - INFO - Imported 9 records from conn.log
2026-02-26 07:23:52,702 - INFO - Imported 1 records from conn.log
2026-02-26 07:23:56,708 - INFO - Imported 1 records from conn.log
2026-02-26 07:24:00,713 - INFO - Imported 4 records from conn.log
2026-02-26 07:24:05,727 - INFO - Imported 16 records from conn.log
2026-02-26 07:24:06,719 - INFO - Imported 2 records from conn.log
2026-02-26 07:24:10,715 - INFO - Imported 4 records from conn.log
2026-02-26 07:24:11,727 - INFO - Imported 1 records from conn.log
2026-02-26 07:24:16,734 - INFO - Imported 1 records from conn.log
2026-02-26 07:24:32,760 - INFO - Imported 1 records from conn.log
2026-02-26 07:24:39,783 - INFO - Imported 1 records from conn.log
2026-02-26 07:24:44,798 - INFO - Imported 1 records from conn.log
2026-02-26 07:24:45,796 - INFO - Imported 1 records from conn.log
2026-02-26 07:24:52,811 - INFO - Imported 1 records from conn.log
2026-02-26 07:24:53,809 - INFO - Imported 1 records from conn.log
2026-02-26 07:24:54,812 - INFO - Imported 2 records from conn.log
2026-02-26 07:24:58,833 - INFO - Imported 1 records from conn.log
2026-02-26 07:25:01,836 - INFO - Imported 1 records from conn.log
2026-02-26 07:25:03,836 - INFO - Imported 2 records from conn.log
2026-02-26 07:25:12,856 - INFO - Imported 1 records from conn.log
2026-02-26 07:25:22,862 - INFO - Imported 1 records from conn.log
2026-02-26 07:25:27,867 - INFO - Imported 1 records from conn.log
2026-02-26 07:25:55,939 - INFO - Imported 2 records from conn.log
2026-02-26 07:26:08,958 - INFO - Imported 1 records from conn.log
2026-02-26 07:26:26,983 - INFO - Imported 1 records from conn.log
2026-02-26 07:26:28,995 - INFO - Imported 1 records from conn.log
2026-02-26 07:26:56,043 - INFO - Imported 1 records from conn.log
2026-02-26 07:27:02,056 - INFO - Imported 1 records from conn.log
2026-02-26 07:27:12,079 - INFO - Imported 1 records from conn.log
2026-02-26 07:27:57,144 - INFO - Imported 1 records from conn.log
2026-02-26 07:29:49,351 - INFO - Imported 1 records from conn.log
2026-02-26 07:31:53,699 - INFO - Imported 1 records from conn.log
2026-02-26 07:31:59,716 - INFO - Imported 1 records from conn.log
2026-02-26 07:32:38,791 - INFO - Imported 1 records from conn.log
2026-02-26 07:33:23,865 - INFO - Imported 1 records from conn.log
2026-02-26 07:34:09,943 - INFO - Imported 1 records from conn.log
2026-02-26 07:34:27,962 - INFO - Imported 1 records from conn.log
2026-02-26 07:34:29,963 - INFO - Imported 1 records from conn.log
2026-02-26 07:34:56,108 - INFO - Imported 1 records from conn.log
2026-02-26 07:35:01,019 - INFO - Imported 1 records from conn.log
2026-02-26 07:35:12,039 - INFO - Imported 1 records from conn.log
2026-02-26 07:39:42,878 - INFO - Imported 1 records from conn.log
2026-02-26 07:39:52,917 - INFO - Imported 1 records from conn.log
2026-02-26 07:39:59,929 - INFO - Imported 1 records from conn.log
2026-02-26 07:40:38,996 - INFO - Imported 1 records from conn.log
2026-02-26 07:41:24,074 - INFO - Imported 1 records from conn.log
2026-02-26 07:42:09,191 - INFO - Imported 1 records from conn.log
2026-02-26 07:42:28,211 - INFO - Imported 1 records from conn.log
2026-02-26 07:42:29,217 - INFO - Imported 1 records from conn.log
2026-02-26 07:42:57,311 - INFO - Imported 1 records from conn.log
2026-02-26 07:43:00,319 - INFO - Imported 1 records from conn.log
2026-02-26 07:43:12,347 - INFO - Imported 1 records from conn.log
2026-02-26 07:47:54,244 - INFO - Imported 1 records from conn.log
2026-02-26 07:48:38,369 - INFO - Imported 2 records from conn.log
2026-02-26 07:49:24,492 - INFO - Imported 1 records from conn.log
2026-02-26 07:50:10,644 - INFO - Imported 1 records from conn.log
2026-02-26 07:50:28,701 - INFO - Imported 1 records from conn.log
2026-02-26 07:50:30,703 - INFO - Imported 1 records from conn.log
2026-02-26 07:50:57,765 - INFO - Imported 1 records from conn.log
2026-02-26 07:51:01,768 - INFO - Imported 1 records from conn.log
2026-02-26 07:51:13,789 - INFO - Imported 1 records from conn.log
2026-02-26 07:52:03,927 - INFO - Imported 1 records from conn.log
2026-02-26 07:55:43,567 - INFO - Imported 1 records from conn.log
2026-02-26 07:55:53,591 - INFO - Imported 1 records from conn.log
2026-02-26 07:56:38,750 - INFO - Imported 1 records from conn.log
2026-02-26 07:57:24,883 - INFO - Imported 1 records from conn.log
2026-02-26 07:58:08,993 - INFO - Imported 1 records from conn.log
2026-02-26 07:58:28,026 - INFO - Imported 1 records from conn.log
2026-02-26 07:58:29,028 - INFO - Imported 1 records from conn.log
2026-03-01 17:14:04,154 - INFO - Connected to PostgreSQL
2026-03-01 17:14:04,265 - INFO - Imported 10 records from conn.log
2026-03-01 17:14:04,267 - INFO - Started Monitoring Zeek logs at /home/user/Desktop/c2/c2/logs/zeek/conn.log
2026-03-01 17:30:25,436 - INFO - Connected to PostgreSQL
2026-03-01 17:30:25,477 - INFO - Started Monitoring Zeek logs at /home/user/Desktop/c2/c2/logs/zeek/conn.log
2026-03-01 17:31:05,820 - INFO - Connected to PostgreSQL
2026-03-01 17:31:05,831 - INFO - Started Monitoring Zeek logs at /home/user/Desktop/c2/c2/logs/zeek/conn.log
2026-03-01 17:31:11,679 - INFO - Imported 9 records from conn.log
2026-03-01 17:33:21,070 - INFO - Imported 1 records from conn.log
2026-03-01 17:37:09,693 - INFO - Connected to PostgreSQL
2026-03-01 17:37:09,707 - INFO - Imported 10 records from conn.log
2026-03-01 17:37:09,733 - INFO - Started Monitoring Zeek logs at /home/user/Desktop/c2/c2/logs/zeek/conn.log
2026-03-01 17:38:31,060 - INFO - Imported 1 records from conn.log
2026-03-01 17:39:43,367 - INFO - Imported 1 records from conn.log
2026-03-01 17:42:29,164 - INFO - Imported 1 records from conn.log
2026-03-01 17:44:30,949 - INFO - Imported 1 records from conn.log
2026-03-05 06:05:11,871 - INFO - Connected to PostgreSQL
2026-03-05 06:05:11,973 - INFO - Imported 10 records from conn.log
2026-03-05 06:05:11,976 - INFO - Started Monitoring Zeek logs at /home/user/Desktop/c2/c2/logs/zeek/conn.log
2026-03-05 09:45:57,757 - INFO - Connected to PostgreSQL
2026-03-05 09:45:57,922 - INFO - Imported 10 records from conn.log
2026-03-05 09:45:57,925 - INFO - Started Monitoring Zeek logs at /home/user/Desktop/c2/c2/logs/zeek/conn.log
2026-03-05 14:18:06,394 - INFO - Connected to PostgreSQL
2026-03-05 14:18:06,466 - INFO - Imported 10 records from conn.log
2026-03-05 14:18:06,469 - INFO - Started Monitoring Zeek logs at /home/user/Desktop/c2/c2/logs/zeek/conn.log
2026-03-05 14:21:58,669 - INFO - Connected to PostgreSQL
2026-03-05 14:21:58,698 - INFO - Imported 10 records from conn.log
2026-03-05 14:21:58,726 - INFO - Started Monitoring Zeek logs at /home/user/Desktop/c2/c2/logs/zeek/conn.log
2026-03-05 14:21:59,376 - INFO - Imported 2 records from conn.log
2026-03-05 14:22:01,378 - INFO - Imported 1 records from conn.log
2026-03-05 14:22:03,382 - INFO - Imported 1 records from conn.log
2026-03-05 14:22:08,399 - INFO - Imported 1 records from conn.log
2026-03-05 14:22:09,411 - INFO - Imported 3 records from conn.log
2026-03-05 14:22:10,421 - INFO - Imported 1 records from conn.log
2026-03-05 14:22:15,436 - INFO - Imported 2 records from conn.log
2026-03-05 14:22:19,434 - INFO - Imported 1 records from conn.log
2026-03-05 14:22:20,438 - INFO - Imported 1 records from conn.log
2026-03-05 14:22:21,451 - INFO - Imported 2 records from conn.log
2026-03-05 14:22:22,451 - INFO - Imported 1 records from conn.log
2026-03-05 14:22:27,468 - INFO - Imported 1 records from conn.log
2026-03-05 14:22:29,470 - INFO - Imported 1 records from conn.log
2026-03-05 14:22:32,500 - INFO - Imported 1 records from conn.log
2026-03-05 14:22:33,570 - INFO - Imported 2 records from conn.log
2026-03-05 14:22:34,576 - INFO - Imported 2 records from conn.log
2026-03-05 14:22:35,577 - INFO - Imported 1 records from conn.log
2026-03-05 14:22:39,588 - INFO - Imported 2 records from conn.log
2026-03-05 14:22:44,698 - INFO - Imported 1 records from conn.log
2026-03-05 14:22:45,705 - INFO - Imported 2 records from conn.log
2026-03-05 14:22:46,711 - INFO - Imported 1 records from conn.log
2026-03-05 14:22:49,720 - INFO - Imported 2 records from conn.log
2026-03-05 14:22:51,723 - INFO - Imported 2 records from conn.log
2026-03-05 14:22:56,737 - INFO - Imported 1 records from conn.log
2026-03-05 14:22:57,747 - INFO - Imported 2 records from conn.log
2026-03-05 14:22:58,748 - INFO - Imported 2 records from conn.log
2026-03-05 14:22:59,753 - INFO - Imported 3 records from conn.log
2026-03-05 14:23:00,755 - INFO - Imported 1 records from conn.log
2026-03-05 14:23:03,773 - INFO - Imported 2 records from conn.log
2026-03-05 14:23:05,779 - INFO - Imported 1 records from conn.log
2026-03-05 14:23:07,782 - INFO - Imported 1 records from conn.log
2026-03-05 14:23:08,789 - INFO - Imported 1 records from conn.log
2026-03-05 14:23:10,859 - INFO - Imported 1 records from conn.log
2026-03-05 14:23:11,964 - INFO - Imported 2 records from conn.log
2026-03-05 14:23:12,973 - INFO - Imported 1 records from conn.log
2026-03-05 14:23:18,004 - INFO - Imported 1 records from conn.log
2026-03-05 14:23:19,005 - INFO - Imported 2 records from conn.log
2026-03-05 14:23:23,012 - INFO - Imported 1 records from conn.log
2026-03-05 14:23:24,022 - INFO - Imported 2 records from conn.log
2026-03-05 14:23:25,040 - INFO - Imported 1 records from conn.log
2026-03-05 14:23:29,113 - INFO - Imported 1 records from conn.log
2026-03-05 14:23:30,132 - INFO - Imported 1 records from conn.log
2026-03-05 14:23:35,166 - INFO - Imported 1 records from conn.log
2026-03-05 14:23:36,168 - INFO - Imported 2 records from conn.log
2026-03-05 14:23:37,170 - INFO - Imported 1 records from conn.log
2026-03-05 14:23:39,171 - INFO - Imported 2 records from conn.log
2026-03-05 14:23:42,224 - INFO - Imported 1 records from conn.log
2026-03-05 14:23:47,248 - INFO - Imported 1 records from conn.log
2026-03-05 14:23:48,254 - INFO - Imported 2 records from conn.log
2026-03-05 14:23:49,257 - INFO - Imported 2 records from conn.log
2026-03-05 14:23:54,294 - INFO - Imported 1 records from conn.log
2026-03-05 14:23:59,307 - INFO - Imported 2 records from conn.log
2026-03-05 14:24:00,314 - INFO - Imported 2 records from conn.log
2026-03-05 14:24:01,325 - INFO - Imported 2 records from conn.log
2026-03-05 14:24:02,415 - INFO - Imported 2 records from conn.log
2026-03-05 14:24:03,426 - INFO - Imported 1 records from conn.log
2026-03-05 14:24:06,443 - INFO - Imported 1 records from conn.log
2026-03-05 14:24:08,446 - INFO - Imported 1 records from conn.log
2026-03-05 14:24:09,448 - INFO - Imported 1 records from conn.log
2026-03-05 14:24:13,468 - INFO - Imported 1 records from conn.log
2026-03-05 14:24:14,528 - INFO - Imported 2 records from conn.log
2026-03-05 14:24:15,540 - INFO - Imported 1 records from conn.log
2026-03-05 14:24:19,548 - INFO - Imported 1 records from conn.log
2026-03-05 14:24:20,552 - INFO - Imported 1 records from conn.log
2026-03-05 14:24:25,580 - INFO - Imported 1 records from conn.log
2026-03-05 14:24:26,656 - INFO - Imported 2 records from conn.log
2026-03-05 14:24:27,657 - INFO - Imported 1 records from conn.log
2026-03-05 14:24:29,660 - INFO - Imported 2 records from conn.log
2026-03-05 14:24:32,748 - INFO - Imported 1 records from conn.log
2026-03-05 14:24:37,765 - INFO - Imported 1 records from conn.log
2026-03-05 14:24:38,771 - INFO - Imported 2 records from conn.log
2026-03-05 14:24:39,770 - INFO - Imported 2 records from conn.log
2026-03-05 14:24:44,789 - INFO - Imported 1 records from conn.log
2026-03-05 14:24:49,807 - INFO - Imported 2 records from conn.log
2026-03-05 14:24:50,817 - INFO - Imported 2 records from conn.log
2026-03-05 14:24:51,824 - INFO - Imported 1 records from conn.log
2026-03-05 14:24:56,957 - INFO - Imported 1 records from conn.log
2026-03-05 14:24:59,046 - INFO - Imported 1 records from conn.log
2026-03-05 14:25:02,057 - INFO - Imported 1 records from conn.log
2026-03-05 14:25:03,074 - INFO - Imported 2 records from conn.log
2026-03-05 14:25:04,082 - INFO - Imported 2 records from conn.log
2026-03-05 14:25:05,088 - INFO - Imported 2 records from conn.log
2026-03-05 14:25:06,093 - INFO - Imported 1 records from conn.log
2026-03-05 14:25:09,108 - INFO - Imported 2 records from conn.log
2026-03-05 14:25:11,109 - INFO - Imported 1 records from conn.log
2026-03-05 14:25:16,130 - INFO - Imported 1 records from conn.log
2026-03-05 14:25:17,136 - INFO - Imported 2 records from conn.log
2026-03-05 14:25:18,135 - INFO - Imported 3 records from conn.log
2026-03-05 14:25:19,140 - INFO - Imported 2 records from conn.log
2026-03-05 14:25:23,153 - INFO - Imported 1 records from conn.log
2026-03-05 14:25:28,184 - INFO - Imported 1 records from conn.log
2026-03-05 14:25:29,190 - INFO - Imported 3 records from conn.log
2026-03-05 14:25:30,194 - INFO - Imported 1 records from conn.log
2026-03-05 14:25:35,303 - INFO - Imported 1 records from conn.log
2026-03-05 14:25:39,308 - INFO - Imported 1 records from conn.log
2026-03-05 14:25:40,324 - INFO - Imported 1 records from conn.log
2026-03-05 14:25:41,391 - INFO - Imported 2 records from conn.log
2026-03-05 14:25:42,341 - INFO - Imported 1 records from conn.log
2026-03-05 14:25:47,364 - INFO - Imported 1 records from conn.log
2026-03-05 14:28:49,481 - ERROR - Error parsing line: could not convert string to float: 'l92pRGmj'
2026-03-05 14:28:49,490 - INFO - Imported 2 records from conn.log
2026-03-05 14:28:50,505 - INFO - Imported 2 records from conn.log
2026-03-05 14:28:51,499 - INFO - Imported 1 records from conn.log
2026-03-05 14:28:56,613 - INFO - Imported 2 records from conn.log
2026-03-05 14:28:59,641 - INFO - Imported 1 records from conn.log
2026-03-05 14:29:01,647 - INFO - Imported 1 records from conn.log
2026-03-05 14:29:02,684 - INFO - Imported 2 records from conn.log
2026-03-05 14:29:03,674 - INFO - Imported 1 records from conn.log
2026-03-05 14:29:08,698 - INFO - Imported 1 records from conn.log
2026-03-05 14:29:09,710 - INFO - Imported 1 records from conn.log
2026-03-05 14:29:13,760 - INFO - Imported 1 records from conn.log
2026-03-05 14:29:14,844 - INFO - Imported 2 records from conn.log
2026-03-05 14:29:15,911 - INFO - Imported 2 records from conn.log
2026-03-05 14:29:16,981 - INFO - Imported 3 records from conn.log
2026-03-05 14:29:17,980 - INFO - Imported 1 records from conn.log
2026-03-05 14:29:18,984 - INFO - Imported 1 records from conn.log
2026-03-05 14:29:21,065 - INFO - Imported 1 records from conn.log
2026-03-05 14:29:23,082 - INFO - Imported 1 records from conn.log
2026-03-05 14:29:28,171 - INFO - Imported 1 records from conn.log
2026-03-05 14:29:29,167 - INFO - Imported 3 records from conn.log
2026-03-05 14:29:30,175 - INFO - Imported 2 records from conn.log
2026-03-05 14:29:31,174 - INFO - Imported 1 records from conn.log
2026-03-05 14:29:35,212 - INFO - Imported 1 records from conn.log
2026-03-05 14:29:39,229 - INFO - Imported 1 records from conn.log
2026-03-05 14:29:49,272 - INFO - Imported 1 records from conn.log
2026-03-05 14:29:59,380 - INFO - Imported 1 records from conn.log
2026-03-05 14:30:09,506 - INFO - Imported 1 records from conn.log
2026-03-05 14:30:16,522 - INFO - Imported 1 records from conn.log
2026-03-05 14:30:19,603 - INFO - Imported 2 records from conn.log
2026-03-05 14:30:29,617 - INFO - Imported 1 records from conn.log
2026-03-05 14:30:34,619 - INFO - Imported 1 records from conn.log
2026-03-05 14:30:36,623 - INFO - Imported 1 records from conn.log
2026-03-05 14:30:39,626 - INFO - Imported 1 records from conn.log
2026-03-05 14:30:49,650 - INFO - Imported 1 records from conn.log
2026-03-05 14:30:59,683 - INFO - Imported 1 records from conn.log
2026-03-05 14:31:04,701 - INFO - Imported 1 records from conn.log
2026-03-05 14:31:07,699 - INFO - Imported 1 records from conn.log
2026-03-05 14:31:09,703 - INFO - Imported 2 records from conn.log
2026-03-05 14:31:18,721 - INFO - Imported 1 records from conn.log
2026-03-05 14:31:19,723 - INFO - Imported 1 records from conn.log
2026-03-05 14:31:29,738 - INFO - Imported 1 records from conn.log
2026-03-05 14:31:39,757 - INFO - Imported 1 records from conn.log
2026-03-05 14:31:49,763 - INFO - Imported 1 records from conn.log
2026-03-05 14:31:59,784 - INFO - Imported 2 records from conn.log
2026-03-05 14:32:09,799 - INFO - Imported 1 records from conn.log
2026-03-05 14:32:19,819 - INFO - Imported 1 records from conn.log
2026-03-05 14:32:29,836 - INFO - Imported 1 records from conn.log
2026-03-05 14:32:39,851 - INFO - Imported 1 records from conn.log
2026-03-05 14:32:49,864 - INFO - Imported 2 records from conn.log
2026-03-05 14:32:59,891 - INFO - Imported 1 records from conn.log
2026-03-05 14:33:09,908 - INFO - Imported 1 records from conn.log
2026-03-05 14:33:19,937 - INFO - Imported 1 records from conn.log
2026-03-05 14:33:29,950 - INFO - Imported 1 records from conn.log
2026-03-05 14:33:39,976 - INFO - Imported 2 records from conn.log
2026-03-05 14:33:49,163 - INFO - Imported 1 records from conn.log
2026-03-05 14:33:59,176 - INFO - Imported 1 records from conn.log
2026-03-05 14:34:09,194 - INFO - Imported 1 records from conn.log
2026-03-05 14:34:19,219 - INFO - Imported 1 records from conn.log
2026-03-05 14:34:29,235 - INFO - Imported 2 records from conn.log
2026-03-05 14:34:36,257 - INFO - Imported 3 records from conn.log
2026-03-05 14:34:37,257 - INFO - Imported 3 records from conn.log
2026-03-05 14:34:39,260 - INFO - Imported 1 records from conn.log
2026-03-05 14:34:49,290 - INFO - Imported 1 records from conn.log
2026-03-05 14:34:59,314 - INFO - Imported 1 records from conn.log
2026-03-05 14:35:09,349 - INFO - Imported 1 records from conn.log
2026-03-05 14:35:19,402 - INFO - Imported 2 records from conn.log
2026-03-05 14:35:29,448 - INFO - Imported 1 records from conn.log
2026-03-05 14:35:39,489 - INFO - Imported 1 records from conn.log
2026-03-05 14:35:45,673 - INFO - Imported 2 records from conn.log
2026-03-05 14:35:46,694 - INFO - Imported 2 records from conn.log
2026-03-05 14:35:49,796 - INFO - Imported 1 records from conn.log
2026-03-05 14:35:51,805 - INFO - Imported 5 records from conn.log
2026-03-05 14:35:56,840 - INFO - Imported 16 records from conn.log
2026-03-05 14:35:57,838 - INFO - Imported 2 records from conn.log
2026-03-05 14:35:58,851 - INFO - Imported 2 records from conn.log
2026-03-05 14:35:59,853 - INFO - Imported 1 records from conn.log
2026-03-05 14:36:00,856 - INFO - Imported 1 records from conn.log
2026-03-05 14:36:01,859 - INFO - Imported 4 records from conn.log
2026-03-05 14:36:02,864 - INFO - Imported 1 records from conn.log
2026-03-05 14:36:03,945 - INFO - Imported 1 records from conn.log
2026-03-05 14:36:09,992 - INFO - Imported 4 records from conn.log
2026-03-05 14:36:10,996 - INFO - Imported 2 records from conn.log
2026-03-05 14:36:16,083 - INFO - Imported 1 records from conn.log
2026-03-05 14:36:19,039 - INFO - Imported 1 records from conn.log
2026-03-05 14:36:22,064 - INFO - Imported 2 records from conn.log
2026-03-05 14:36:23,066 - INFO - Imported 2 records from conn.log
2026-03-05 14:36:28,265 - INFO - Imported 1 records from conn.log
2026-03-05 14:36:29,328 - INFO - Imported 1 records from conn.log
2026-03-05 14:36:33,502 - INFO - Imported 1 records from conn.log
2026-03-05 14:36:34,507 - INFO - Imported 3 records from conn.log
2026-03-05 14:36:35,595 - INFO - Imported 6 records from conn.log
2026-03-05 14:36:36,600 - INFO - Imported 2 records from conn.log
2026-03-05 14:36:37,615 - INFO - Imported 3 records from conn.log
2026-03-05 14:36:39,661 - INFO - Imported 1 records from conn.log
2026-03-05 14:36:40,640 - INFO - Imported 1 records from conn.log
2026-03-05 14:36:42,654 - INFO - Imported 1 records from conn.log
2026-03-05 14:36:44,659 - INFO - Imported 1 records from conn.log
2026-03-05 14:36:45,661 - INFO - Imported 2 records from conn.log
2026-03-05 14:36:46,661 - INFO - Imported 3 records from conn.log
2026-03-05 14:36:48,761 - INFO - Imported 3 records from conn.log
2026-03-05 14:36:49,771 - INFO - Imported 2 records from conn.log
2026-03-05 14:36:52,831 - INFO - Imported 2 records from conn.log
2026-03-05 14:36:54,821 - INFO - Imported 2 records from conn.log
2026-03-05 14:36:59,904 - INFO - Imported 3 records from conn.log
2026-03-05 14:37:00,997 - INFO - Imported 2 records from conn.log
2026-03-05 14:37:01,996 - INFO - Imported 2 records from conn.log
2026-03-05 14:37:05,004 - INFO - Imported 7 records from conn.log
2026-03-05 14:37:07,025 - INFO - Imported 1 records from conn.log
2026-03-05 14:37:10,029 - INFO - Imported 1 records from conn.log
2026-03-05 14:37:12,032 - INFO - Imported 1 records from conn.log
2026-03-05 14:37:13,036 - INFO - Imported 2 records from conn.log
2026-03-05 14:37:14,054 - INFO - Imported 1 records from conn.log
2026-03-05 14:37:19,095 - INFO - Imported 2 records from conn.log
2026-03-05 14:37:20,093 - INFO - Imported 1 records from conn.log
2026-03-05 14:37:24,173 - INFO - Imported 1 records from conn.log
2026-03-05 14:37:25,180 - INFO - Imported 2 records from conn.log
2026-03-05 14:37:26,180 - INFO - Imported 1 records from conn.log
2026-03-05 14:37:29,276 - INFO - Imported 1 records from conn.log
2026-03-05 14:37:30,281 - INFO - Imported 1 records from conn.log
2026-03-05 14:37:31,283 - INFO - Imported 1 records from conn.log
2026-03-05 14:37:36,304 - INFO - Imported 1 records from conn.log
2026-03-05 14:37:37,410 - INFO - Imported 2 records from conn.log
2026-03-05 14:37:38,414 - INFO - Imported 2 records from conn.log
2026-03-05 14:37:39,427 - INFO - Imported 3 records from conn.log
2026-03-05 14:37:40,426 - INFO - Imported 1 records from conn.log
2026-03-05 14:37:43,446 - INFO - Imported 1 records from conn.log
2026-03-05 14:37:44,447 - INFO - Imported 1 records from conn.log
2026-03-05 14:37:45,447 - INFO - Imported 1 records from conn.log
2026-03-05 14:37:46,448 - INFO - Imported 1 records from conn.log
2026-03-05 14:37:49,532 - INFO - Imported 2 records from conn.log
2026-03-05 14:37:50,536 - INFO - Imported 1 records from conn.log
2026-03-05 14:37:51,540 - INFO - Imported 2 records from conn.log
2026-03-05 14:37:52,540 - INFO - Imported 1 records from conn.log
2026-03-05 14:37:57,559 - INFO - Imported 1 records from conn.log
2026-03-05 14:37:59,558 - INFO - Imported 1 records from conn.log
2026-03-05 14:38:02,566 - INFO - Imported 1 records from conn.log
2026-03-05 14:38:03,568 - INFO - Imported 2 records from conn.log
2026-03-05 14:38:04,569 - INFO - Imported 1 records from conn.log
2026-03-05 14:38:09,580 - INFO - Imported 2 records from conn.log
2026-03-05 14:38:14,660 - INFO - Imported 1 records from conn.log
2026-03-05 14:38:15,666 - INFO - Imported 3 records from conn.log
2026-03-05 14:38:16,677 - INFO - Imported 1 records from conn.log
2026-03-05 14:38:19,684 - INFO - Imported 1 records from conn.log
2026-03-05 14:38:21,688 - INFO - Imported 1 records from conn.log
2026-03-05 14:38:26,712 - INFO - Imported 1 records from conn.log
2026-03-05 14:38:27,727 - INFO - Imported 2 records from conn.log
2026-03-05 14:38:28,725 - INFO - Imported 2 records from conn.log
2026-03-05 14:38:29,724 - INFO - Imported 1 records from conn.log
2026-03-05 14:38:33,731 - INFO - Imported 1 records from conn.log
2026-03-05 14:38:34,735 - INFO - Imported 3 records from conn.log
2026-03-05 14:38:36,743 - INFO - Imported 1 records from conn.log
2026-03-05 14:38:38,754 - INFO - Imported 1 records from conn.log
2026-03-05 14:38:39,759 - INFO - Imported 4 records from conn.log
2026-03-05 14:38:40,760 - INFO - Imported 2 records from conn.log
2026-03-05 14:38:41,839 - INFO - Imported 2 records from conn.log
2026-03-05 14:38:42,843 - INFO - Imported 1 records from conn.log
2026-03-05 14:38:44,871 - INFO - Imported 1 records from conn.log
2026-03-05 14:38:45,877 - INFO - Imported 1 records from conn.log
2026-03-05 14:38:47,894 - INFO - Imported 1 records from conn.log
2026-03-05 14:38:49,906 - INFO - Imported 2 records from conn.log
2026-03-05 14:38:50,913 - INFO - Imported 1 records from conn.log
2026-03-05 14:38:52,921 - INFO - Imported 1 records from conn.log
2026-03-05 14:38:53,927 - INFO - Imported 2 records from conn.log
2026-03-05 14:38:54,932 - INFO - Imported 1 records from conn.log
2026-03-05 14:38:59,951 - INFO - Imported 2 records from conn.log
2026-03-05 14:39:05,075 - INFO - Imported 1 records from conn.log
2026-03-05 14:39:06,079 - INFO - Imported 2 records from conn.log
2026-03-05 14:39:07,143 - INFO - Imported 2 records from conn.log
2026-03-05 14:39:08,168 - INFO - Imported 1 records from conn.log
2026-03-05 14:39:09,166 - INFO - Imported 1 records from conn.log
2026-03-05 14:39:11,238 - INFO - Imported 1 records from conn.log
2026-03-05 14:39:12,242 - INFO - Imported 1 records from conn.log
2026-03-05 14:39:17,391 - INFO - Imported 1 records from conn.log
2026-03-05 14:39:18,432 - INFO - Imported 2 records from conn.log
2026-03-05 14:39:19,432 - INFO - Imported 3 records from conn.log
2026-03-05 14:39:20,431 - INFO - Imported 1 records from conn.log
2026-03-05 14:39:23,544 - INFO - Imported 1 records from conn.log
2026-03-05 14:39:27,551 - INFO - Imported 1 records from conn.log
2026-03-05 14:39:29,678 - INFO - Imported 4 records from conn.log
2026-03-05 14:39:30,736 - INFO - Imported 2 records from conn.log
2026-03-05 14:39:35,894 - INFO - Imported 1 records from conn.log
2026-03-05 14:39:39,960 - INFO - Imported 1 records from conn.log
2026-03-05 14:39:41,977 - INFO - Imported 2 records from conn.log
2026-03-05 14:39:42,980 - INFO - Imported 2 records from conn.log
2026-03-05 14:39:43,988 - INFO - Imported 2 records from conn.log
2026-03-05 14:39:45,082 - INFO - Imported 3 records from conn.log
2026-03-05 14:39:48,097 - INFO - Imported 1 records from conn.log
2026-03-05 14:39:50,118 - INFO - Imported 2 records from conn.log
2026-03-05 14:39:56,247 - INFO - Imported 2 records from conn.log
2026-03-05 14:39:57,246 - INFO - Imported 2 records from conn.log
2026-03-05 14:39:59,336 - INFO - Imported 1 records from conn.log
2026-03-05 14:40:02,345 - INFO - Imported 1 records from conn.log
2026-03-05 14:40:08,393 - INFO - Imported 2 records from conn.log
2026-03-05 14:40:09,397 - INFO - Imported 3 records from conn.log
2026-03-05 14:40:14,592 - INFO - Imported 1 records from conn.log
2026-03-05 14:40:19,624 - INFO - Imported 2 records from conn.log
2026-03-05 14:40:20,627 - INFO - Imported 2 records from conn.log
2026-03-05 14:40:21,642 - INFO - Imported 2 records from conn.log
2026-03-05 14:40:26,729 - INFO - Imported 1 records from conn.log
2026-03-05 14:40:29,757 - INFO - Imported 1 records from conn.log
2026-03-05 14:40:32,761 - INFO - Imported 2 records from conn.log
2026-03-05 14:40:33,772 - INFO - Imported 2 records from conn.log
2026-03-05 14:40:38,789 - INFO - Imported 1 records from conn.log
2026-03-05 14:40:39,847 - INFO - Imported 1 records from conn.log
2026-03-05 14:40:40,848 - INFO - Imported 1 records from conn.log
2026-03-05 14:40:44,857 - INFO - Imported 2 records from conn.log
2026-03-05 14:40:45,860 - INFO - Imported 2 records from conn.log
2026-03-05 14:40:46,861 - INFO - Imported 2 records from conn.log
2026-03-05 14:40:47,859 - INFO - Imported 2 records from conn.log
2026-03-05 14:40:49,876 - INFO - Imported 1 records from conn.log
2026-03-05 14:40:50,874 - INFO - Imported 1 records from conn.log
2026-03-05 14:40:52,943 - INFO - Imported 1 records from conn.log
2026-03-05 14:40:59,024 - INFO - Imported 2 records from conn.log
2026-03-05 14:41:00,026 - INFO - Imported 4 records from conn.log
2026-03-05 14:41:05,046 - INFO - Imported 1 records from conn.log
2026-03-05 14:41:10,058 - INFO - Imported 2 records from conn.log
2026-03-05 14:41:11,073 - INFO - Imported 2 records from conn.log
2026-03-05 14:41:12,063 - INFO - Imported 2 records from conn.log
2026-03-05 14:41:17,107 - INFO - Imported 1 records from conn.log
2026-03-05 14:41:20,114 - INFO - Imported 1 records from conn.log
2026-03-05 14:41:23,136 - INFO - Imported 2 records from conn.log
2026-03-05 14:41:24,137 - INFO - Imported 2 records from conn.log
2026-03-05 14:41:29,163 - INFO - Imported 2 records from conn.log
2026-03-05 14:41:35,268 - INFO - Imported 2 records from conn.log
2026-03-05 14:41:36,264 - INFO - Imported 2 records from conn.log
2026-03-05 14:41:39,267 - INFO - Imported 1 records from conn.log
2026-03-05 14:41:41,269 - INFO - Imported 1 records from conn.log
2026-03-05 14:41:47,280 - INFO - Imported 2 records from conn.log
2026-03-05 14:41:48,282 - INFO - Imported 2 records from conn.log
2026-03-05 14:41:49,377 - INFO - Imported 3 records from conn.log
2026-03-05 14:41:50,376 - INFO - Imported 2 records from conn.log
2026-03-05 14:41:53,389 - INFO - Imported 1 records from conn.log
2026-03-05 14:41:55,453 - INFO - Imported 1 records from conn.log
2026-03-05 14:41:59,465 - INFO - Imported 2 records from conn.log
2026-03-05 14:42:00,469 - INFO - Imported 1 records from conn.log
2026-03-05 14:42:01,472 - INFO - Imported 2 records from conn.log
2026-03-05 14:42:02,505 - INFO - Imported 2 records from conn.log
2026-03-05 14:42:07,531 - INFO - Imported 1 records from conn.log
2026-03-05 14:42:09,561 - INFO - Imported 1 records from conn.log
2026-03-05 14:42:13,591 - INFO - Imported 2 records from conn.log
2026-03-05 14:42:14,659 - INFO - Imported 2 records from conn.log
2026-03-05 14:42:19,652 - INFO - Imported 2 records from conn.log
2026-03-05 14:42:25,726 - INFO - Imported 2 records from conn.log
2026-03-05 14:42:26,822 - INFO - Imported 2 records from conn.log
2026-03-05 14:42:29,839 - INFO - Imported 1 records from conn.log
2026-03-05 14:42:31,844 - INFO - Imported 1 records from conn.log
2026-03-05 14:42:37,893 - INFO - Imported 2 records from conn.log
2026-03-05 14:42:38,981 - INFO - Imported 2 records from conn.log
2026-03-05 14:42:39,984 - INFO - Imported 1 records from conn.log
2026-03-05 14:42:42,991 - INFO - Imported 1 records from conn.log
2026-03-05 14:42:43,992 - INFO - Imported 1 records from conn.log
2026-03-05 14:42:44,995 - INFO - Imported 2 records from conn.log
2026-03-05 14:42:50,026 - INFO - Imported 4 records from conn.log
2026-03-05 14:42:51,089 - INFO - Imported 2 records from conn.log
2026-03-05 14:42:52,190 - INFO - Imported 2 records from conn.log
2026-03-05 14:42:53,195 - INFO - Imported 2 records from conn.log
2026-03-05 14:42:56,318 - INFO - Imported 1 records from conn.log
2026-03-05 14:42:58,324 - INFO - Imported 1 records from conn.log
2026-03-05 14:42:59,318 - INFO - Imported 1 records from conn.log
2026-03-05 14:43:04,348 - INFO - Imported 2 records from conn.log
2026-03-05 14:43:05,357 - INFO - Imported 2 records from conn.log
2026-03-05 14:43:09,464 - INFO - Imported 1 records from conn.log
2026-03-05 14:43:10,466 - INFO - Imported 1 records from conn.log
2026-03-05 14:43:11,467 - INFO - Imported 1 records from conn.log
2026-03-05 14:43:16,481 - INFO - Imported 2 records from conn.log
2026-03-05 14:43:17,496 - INFO - Imported 2 records from conn.log
2026-03-05 14:43:19,502 - INFO - Imported 1 records from conn.log
2026-03-05 14:43:22,509 - INFO - Imported 1 records from conn.log
2026-03-05 14:43:28,683 - INFO - Imported 2 records from conn.log
2026-03-05 14:43:29,687 - INFO - Imported 3 records from conn.log
2026-03-05 14:43:34,706 - INFO - Imported 3 records from conn.log
2026-03-05 14:43:39,714 - INFO - Imported 2 records from conn.log
2026-03-05 14:43:40,716 - INFO - Imported 2 records from conn.log
2026-03-05 14:43:41,728 - INFO - Imported 2 records from conn.log
2026-03-05 14:43:46,746 - INFO - Imported 2 records from conn.log
2026-03-05 14:43:49,757 - INFO - Imported 1 records from conn.log
2026-03-05 14:43:52,851 - INFO - Imported 2 records from conn.log
2026-03-05 14:43:53,856 - INFO - Imported 2 records from conn.log
2026-03-05 14:43:54,908 - INFO - Imported 2 records from conn.log
2026-03-05 14:43:55,922 - INFO - Imported 2 records from conn.log
2026-03-05 14:43:58,982 - INFO - Imported 1 records from conn.log
2026-03-05 14:43:59,983 - INFO - Imported 1 records from conn.log
2026-03-05 14:44:00,990 - INFO - Imported 1 records from conn.log
2026-03-05 14:44:07,045 - INFO - Imported 2 records from conn.log
2026-03-05 14:44:08,047 - INFO - Imported 2 records from conn.log
2026-03-05 14:44:10,060 - INFO - Imported 1 records from conn.log
2026-03-05 14:44:13,147 - INFO - Imported 1 records from conn.log
2026-03-05 14:44:16,196 - INFO - Imported 1 records from conn.log
2026-03-05 14:44:19,226 - INFO - Imported 3 records from conn.log
2026-03-05 14:44:20,226 - INFO - Imported 2 records from conn.log
2026-03-05 14:44:25,346 - INFO - Imported 1 records from conn.log
2026-03-05 14:44:26,350 - INFO - Imported 1 records from conn.log
2026-03-05 14:44:29,456 - INFO - Imported 2 records from conn.log
2026-03-05 14:44:30,558 - INFO - Imported 1 records from conn.log
2026-03-05 14:44:31,647 - INFO - Imported 2 records from conn.log
2026-03-05 14:44:32,647 - INFO - Imported 1 records from conn.log
2026-03-05 14:44:37,666 - INFO - Imported 1 records from conn.log
2026-03-05 14:44:39,669 - INFO - Imported 1 records from conn.log
2026-03-05 14:44:42,756 - INFO - Imported 1 records from conn.log
2026-03-05 14:44:43,760 - INFO - Imported 2 records from conn.log
2026-03-05 14:44:44,764 - INFO - Imported 1 records from conn.log
2026-03-05 14:44:49,892 - INFO - Imported 2 records from conn.log
2026-03-05 14:44:54,912 - INFO - Imported 1 records from conn.log
2026-03-05 14:44:55,918 - INFO - Imported 2 records from conn.log
2026-03-05 14:44:57,002 - INFO - Imported 2 records from conn.log
2026-03-05 14:44:58,015 - INFO - Imported 2 records from conn.log
2026-03-05 14:44:59,025 - INFO - Imported 1 records from conn.log
2026-03-05 14:45:00,123 - INFO - Imported 2 records from conn.log
2026-03-05 14:45:02,136 - INFO - Imported 1 records from conn.log
2026-03-05 14:45:04,152 - INFO - Imported 1 records from conn.log
2026-03-05 14:45:09,171 - INFO - Imported 1 records from conn.log
2026-03-05 14:45:10,175 - INFO - Imported 3 records from conn.log
2026-03-05 14:45:11,178 - INFO - Imported 1 records from conn.log
2026-03-05 14:45:14,190 - INFO - Imported 1 records from conn.log
2026-03-05 14:45:16,197 - INFO - Imported 1 records from conn.log
2026-03-05 14:45:19,207 - INFO - Imported 2 records from conn.log
2026-03-05 14:45:21,229 - INFO - Imported 1 records from conn.log
2026-03-05 14:45:22,300 - INFO - Imported 2 records from conn.log
2026-03-05 14:45:23,304 - INFO - Imported 1 records from conn.log
2026-03-05 14:45:28,429 - INFO - Imported 1 records from conn.log
2026-03-05 14:45:29,431 - INFO - Imported 1 records from conn.log
2026-03-05 14:45:33,460 - INFO - Imported 1 records from conn.log
2026-03-05 14:45:34,467 - INFO - Imported 2 records from conn.log
2026-03-05 14:45:35,471 - INFO - Imported 1 records from conn.log
2026-03-05 14:45:39,486 - INFO - Imported 1 records from conn.log
2026-03-05 14:45:40,587 - INFO - Imported 1 records from conn.log
2026-03-05 14:45:45,620 - INFO - Imported 1 records from conn.log
2026-03-05 14:45:46,627 - INFO - Imported 2 records from conn.log
2026-03-05 14:45:47,634 - INFO - Imported 1 records from conn.log
2026-03-05 14:45:49,736 - INFO - Imported 1 records from conn.log
2026-03-05 14:45:52,833 - INFO - Imported 1 records from conn.log
2026-03-05 14:45:57,917 - INFO - Imported 1 records from conn.log
2026-03-05 14:45:58,925 - INFO - Imported 2 records from conn.log
2026-03-05 14:45:59,932 - INFO - Imported 3 records from conn.log
2026-03-05 14:46:00,931 - INFO - Imported 2 records from conn.log
2026-03-05 14:46:01,937 - INFO - Imported 2 records from conn.log
2026-03-05 14:46:04,968 - INFO - Imported 1 records from conn.log
2026-03-05 14:46:06,974 - INFO - Imported 1 records from conn.log
2026-03-05 14:46:09,981 - INFO - Imported 2 records from conn.log
2026-03-05 14:46:12,060 - INFO - Imported 1 records from conn.log
2026-03-05 14:46:13,064 - INFO - Imported 3 records from conn.log
2026-03-05 14:46:14,075 - INFO - Imported 1 records from conn.log
2026-03-05 14:46:19,152 - INFO - Imported 1 records from conn.log
2026-03-05 14:46:20,161 - INFO - Imported 1 records from conn.log
2026-03-05 14:46:24,260 - INFO - Imported 1 records from conn.log
2026-03-05 14:46:25,252 - INFO - Imported 1 records from conn.log
2026-03-05 14:46:26,262 - INFO - Imported 2 records from conn.log
2026-03-05 14:46:29,277 - INFO - Imported 1 records from conn.log
2026-03-05 14:46:31,285 - INFO - Imported 1 records from conn.log
2026-03-05 14:46:36,427 - INFO - Imported 1 records from conn.log
2026-03-05 14:46:37,497 - INFO - Imported 2 records from conn.log
2026-03-05 14:46:38,502 - INFO - Imported 1 records from conn.log
2026-03-05 14:46:39,505 - INFO - Imported 1 records from conn.log
2026-03-05 14:46:43,514 - INFO - Imported 1 records from conn.log
2026-03-05 14:46:48,620 - INFO - Imported 1 records from conn.log
2026-03-05 14:46:49,631 - INFO - Imported 3 records from conn.log
2026-03-05 14:46:50,624 - INFO - Imported 1 records from conn.log
2026-03-05 14:46:55,657 - INFO - Imported 1 records from conn.log
2026-03-05 14:46:59,668 - INFO - Imported 2 records from conn.log
2026-03-05 14:47:00,760 - INFO - Imported 1 records from conn.log
2026-03-05 14:47:01,774 - INFO - Imported 2 records from conn.log
2026-03-05 14:47:02,776 - INFO - Imported 2 records from conn.log
2026-03-05 14:47:03,868 - INFO - Imported 2 records from conn.log
2026-03-05 14:47:04,880 - INFO - Imported 1 records from conn.log
2026-03-05 14:47:07,885 - INFO - Imported 1 records from conn.log
2026-03-05 14:47:09,945 - INFO - Imported 2 records from conn.log
2026-03-05 14:47:10,941 - INFO - Imported 1 records from conn.log
2026-03-05 14:47:14,947 - INFO - Imported 1 records from conn.log
2026-03-05 14:47:15,977 - INFO - Imported 2 records from conn.log
2026-03-05 14:47:16,982 - INFO - Imported 1 records from conn.log
2026-03-05 14:47:19,989 - INFO - Imported 1 records from conn.log
2026-03-05 14:47:21,991 - INFO - Imported 1 records from conn.log
2026-03-05 14:47:27,099 - INFO - Imported 1 records from conn.log
2026-03-05 14:47:28,106 - INFO - Imported 2 records from conn.log
2026-03-05 14:47:29,115 - INFO - Imported 1 records from conn.log
2026-03-05 14:47:30,123 - INFO - Imported 1 records from conn.log
2026-03-05 14:47:34,141 - INFO - Imported 1 records from conn.log
2026-03-05 14:47:39,239 - INFO - Imported 1 records from conn.log
2026-03-05 14:47:40,242 - INFO - Imported 3 records from conn.log
2026-03-05 14:47:41,243 - INFO - Imported 1 records from conn.log
2026-03-05 14:47:46,255 - INFO - Imported 1 records from conn.log
2026-03-05 14:47:49,259 - INFO - Imported 2 records from conn.log
2026-03-05 14:47:51,269 - INFO - Imported 1 records from conn.log
2026-03-05 14:47:52,366 - INFO - Imported 2 records from conn.log
2026-03-05 14:47:53,373 - INFO - Imported 1 records from conn.log
2026-03-05 14:47:58,413 - INFO - Imported 1 records from conn.log
2026-03-05 14:47:59,415 - INFO - Imported 1 records from conn.log
2026-03-05 14:48:03,428 - INFO - Imported 1 records from conn.log
2026-03-05 14:48:04,445 - INFO - Imported 2 records from conn.log
2026-03-05 14:48:05,445 - INFO - Imported 2 records from conn.log
2026-03-05 14:48:06,454 - INFO - Imported 2 records from conn.log
2026-03-05 14:48:07,464 - INFO - Imported 1 records from conn.log
2026-03-05 14:48:09,472 - INFO - Imported 1 records from conn.log
2026-03-05 14:48:10,477 - INFO - Imported 1 records from conn.log
2026-03-05 14:48:12,489 - INFO - Imported 1 records from conn.log
2026-03-05 14:48:17,513 - INFO - Imported 1 records from conn.log
2026-03-05 14:48:18,596 - INFO - Imported 2 records from conn.log
2026-03-05 14:48:19,602 - INFO - Imported 2 records from conn.log
2026-03-05 14:48:24,619 - INFO - Imported 1 records from conn.log
2026-03-05 14:48:29,636 - INFO - Imported 2 records from conn.log
2026-03-05 14:48:30,644 - INFO - Imported 2 records from conn.log
2026-03-05 14:48:31,639 - INFO - Imported 1 records from conn.log
2026-03-05 14:48:36,661 - INFO - Imported 1 records from conn.log
2026-03-05 14:48:39,673 - INFO - Imported 2 records from conn.log
2026-03-05 14:48:41,765 - INFO - Imported 1 records from conn.log
2026-03-05 14:48:42,768 - INFO - Imported 2 records from conn.log
2026-03-05 14:48:43,775 - INFO - Imported 1 records from conn.log
2026-03-05 14:48:48,801 - INFO - Imported 1 records from conn.log
2026-03-05 14:48:49,802 - INFO - Imported 1 records from conn.log
2026-03-05 14:48:53,819 - INFO - Imported 1 records from conn.log
2026-03-05 14:48:54,906 - INFO - Imported 2 records from conn.log
2026-03-05 14:48:55,913 - INFO - Imported 1 records from conn.log
2026-03-05 14:48:59,922 - INFO - Imported 1 records from conn.log
2026-03-05 14:49:00,924 - INFO - Imported 1 records from conn.log
2026-03-05 14:49:06,019 - INFO - Imported 1 records from conn.log
2026-03-05 14:49:07,031 - INFO - Imported 2 records from conn.log
2026-03-05 14:49:08,032 - INFO - Imported 2 records from conn.log
2026-03-05 14:49:09,039 - INFO - Imported 2 records from conn.log
2026-03-05 14:49:10,041 - INFO - Imported 2 records from conn.log
2026-03-05 14:49:13,157 - INFO - Imported 1 records from conn.log
2026-03-05 14:49:15,159 - INFO - Imported 1 records from conn.log
2026-03-05 14:49:20,175 - INFO - Imported 2 records from conn.log
2026-03-05 14:49:21,187 - INFO - Imported 2 records from conn.log
2026-03-05 14:49:22,197 - INFO - Imported 1 records from conn.log
2026-03-05 14:49:27,222 - INFO - Imported 1 records from conn.log
2026-03-05 14:49:30,232 - INFO - Imported 2 records from conn.log
2026-03-05 14:49:32,234 - INFO - Imported 1 records from conn.log
2026-03-05 14:49:33,317 - INFO - Imported 2 records from conn.log
2026-03-05 14:49:34,409 - INFO - Imported 1 records from conn.log
2026-03-05 14:49:39,503 - INFO - Imported 2 records from conn.log
2026-03-05 14:49:44,515 - INFO - Imported 1 records from conn.log
2026-03-05 14:49:45,600 - INFO - Imported 2 records from conn.log
2026-03-05 14:49:46,598 - INFO - Imported 1 records from conn.log
2026-03-05 14:49:49,681 - INFO - Imported 1 records from conn.log
2026-03-05 14:49:51,695 - INFO - Imported 1 records from conn.log
2026-03-05 14:49:56,708 - INFO - Imported 1 records from conn.log
2026-03-05 14:49:57,720 - INFO - Imported 2 records from conn.log
2026-03-05 14:49:58,731 - INFO - Imported 1 records from conn.log
2026-03-05 14:49:59,739 - INFO - Imported 1 records from conn.log
2026-03-05 14:50:03,860 - INFO - Imported 1 records from conn.log
2026-03-05 14:50:08,881 - INFO - Imported 1 records from conn.log
2026-03-05 14:50:09,888 - INFO - Imported 3 records from conn.log
2026-03-05 14:50:10,899 - INFO - Imported 2 records from conn.log
2026-03-05 14:50:11,911 - INFO - Imported 2 records from conn.log
2026-03-05 14:50:12,906 - INFO - Imported 1 records from conn.log
2026-03-05 14:50:15,919 - INFO - Imported 1 records from conn.log
2026-03-05 14:50:17,922 - INFO - Imported 1 records from conn.log
2026-03-05 14:50:19,938 - INFO - Imported 2 records from conn.log
2026-03-05 14:50:22,955 - INFO - Imported 1 records from conn.log
2026-03-05 14:50:23,955 - INFO - Imported 2 records from conn.log
2026-03-05 14:50:24,956 - INFO - Imported 1 records from conn.log
2026-03-05 14:50:29,992 - INFO - Imported 2 records from conn.log
2026-03-05 14:50:35,071 - INFO - Imported 1 records from conn.log
2026-03-05 14:50:36,151 - INFO - Imported 2 records from conn.log
2026-03-05 14:50:37,160 - INFO - Imported 1 records from conn.log
2026-03-05 14:50:40,173 - INFO - Imported 1 records from conn.log
2026-03-05 14:50:42,177 - INFO - Imported 1 records from conn.log
2026-03-05 14:50:47,275 - INFO - Imported 1 records from conn.log
2026-03-05 14:50:48,283 - INFO - Imported 2 records from conn.log
2026-03-05 14:50:49,291 - INFO - Imported 1 records from conn.log
2026-03-05 14:50:50,299 - INFO - Imported 1 records from conn.log
2026-03-05 14:50:54,340 - INFO - Imported 2 records from conn.log
2026-03-05 14:50:59,340 - INFO - Imported 2 records from conn.log
2026-03-05 14:51:00,349 - INFO - Imported 2 records from conn.log
2026-03-05 14:51:01,351 - INFO - Imported 1 records from conn.log
2026-03-05 14:51:05,453 - INFO - Imported 1 records from conn.log
2026-03-05 14:51:06,456 - INFO - Imported 1 records from conn.log
2026-03-05 14:51:09,459 - INFO - Imported 2 records from conn.log
2026-03-05 14:51:11,477 - INFO - Imported 1 records from conn.log
2026-03-05 14:51:12,483 - INFO - Imported 2 records from conn.log
2026-03-05 14:51:13,573 - INFO - Imported 2 records from conn.log
2026-03-05 14:51:14,678 - INFO - Imported 2 records from conn.log
2026-03-05 14:51:15,687 - INFO - Imported 1 records from conn.log
2026-03-05 14:51:18,695 - INFO - Imported 1 records from conn.log
2026-03-05 14:51:19,704 - INFO - Imported 1 records from conn.log
2026-03-05 14:51:20,705 - INFO - Imported 1 records from conn.log
2026-03-05 14:51:25,795 - INFO - Imported 1 records from conn.log
2026-03-05 14:51:26,798 - INFO - Imported 2 records from conn.log
2026-03-05 14:51:27,801 - INFO - Imported 1 records from conn.log
2026-03-05 14:51:29,808 - INFO - Imported 1 records from conn.log
2026-03-05 14:51:32,808 - INFO - Imported 1 records from conn.log
2026-03-05 14:51:37,826 - INFO - Imported 1 records from conn.log
2026-03-05 14:51:38,835 - INFO - Imported 2 records from conn.log
2026-03-05 14:51:39,848 - INFO - Imported 2 records from conn.log
2026-03-05 14:51:44,861 - INFO - Imported 1 records from conn.log
2026-03-05 14:51:48,871 - INFO - Imported 1 records from conn.log
2026-03-05 14:51:49,952 - INFO - Imported 2 records from conn.log
2026-03-05 14:51:51,025 - INFO - Imported 2 records from conn.log
2026-03-05 14:51:52,040 - INFO - Imported 1 records from conn.log
2026-03-05 14:51:57,211 - INFO - Imported 1 records from conn.log
2026-03-05 14:52:00,216 - INFO - Imported 2 records from conn.log
2026-03-05 14:52:02,223 - INFO - Imported 1 records from conn.log
2026-03-05 14:52:03,231 - INFO - Imported 2 records from conn.log
2026-03-05 14:52:04,242 - INFO - Imported 1 records from conn.log
2026-03-05 14:52:09,257 - INFO - Imported 1 records from conn.log
2026-03-05 14:52:10,258 - INFO - Imported 1 records from conn.log
2026-03-05 14:52:14,262 - INFO - Imported 1 records from conn.log
2026-03-05 14:52:15,264 - INFO - Imported 2 records from conn.log
2026-03-05 14:52:16,274 - INFO - Imported 2 records from conn.log
2026-03-05 14:52:17,277 - INFO - Imported 2 records from conn.log
2026-03-05 14:52:18,285 - INFO - Imported 1 records from conn.log
2026-03-05 14:52:20,300 - INFO - Imported 1 records from conn.log
2026-03-05 14:52:21,302 - INFO - Imported 1 records from conn.log
2026-03-05 14:52:23,309 - INFO - Imported 1 records from conn.log
2026-03-05 14:52:28,319 - INFO - Imported 1 records from conn.log
2026-03-05 14:52:29,330 - INFO - Imported 2 records from conn.log
2026-03-05 14:52:30,336 - INFO - Imported 2 records from conn.log
2026-03-05 14:52:35,343 - INFO - Imported 1 records from conn.log
2026-03-05 14:52:40,355 - INFO - Imported 2 records from conn.log
2026-03-05 14:52:41,445 - INFO - Imported 2 records from conn.log
2026-03-05 14:52:42,451 - INFO - Imported 1 records from conn.log
2026-03-05 14:52:47,631 - INFO - Imported 1 records from conn.log
2026-03-05 14:52:49,634 - INFO - Imported 2 records from conn.log
2026-03-05 14:52:52,647 - INFO - Imported 1 records from conn.log
2026-03-05 14:52:53,659 - INFO - Imported 2 records from conn.log
2026-03-05 14:52:54,661 - INFO - Imported 1 records from conn.log
2026-03-05 14:52:59,686 - INFO - Imported 2 records from conn.log
2026-03-05 14:53:04,759 - INFO - Imported 1 records from conn.log
2026-03-05 14:53:05,702 - INFO - Imported 2 records from conn.log
2026-03-05 14:53:06,713 - INFO - Imported 1 records from conn.log
2026-03-05 14:53:09,702 - INFO - Imported 1 records from conn.log
2026-03-05 14:53:11,707 - INFO - Imported 1 records from conn.log
2026-03-05 14:53:16,776 - INFO - Imported 1 records from conn.log
2026-03-05 14:53:17,781 - INFO - Imported 2 records from conn.log
2026-03-05 14:53:18,782 - INFO - Imported 2 records from conn.log
2026-03-05 14:53:19,876 - INFO - Imported 3 records from conn.log
2026-03-05 14:53:20,886 - INFO - Imported 1 records from conn.log
2026-03-05 14:53:24,040 - INFO - Imported 1 records from conn.log
2026-03-05 14:53:26,044 - INFO - Imported 1 records from conn.log
2026-03-05 14:53:30,063 - INFO - Imported 1 records from conn.log
2026-03-05 14:53:31,070 - INFO - Imported 1 records from conn.log
2026-03-05 14:53:32,082 - INFO - Imported 2 records from conn.log
2026-03-05 14:53:33,096 - INFO - Imported 1 records from conn.log
2026-03-05 14:53:38,221 - INFO - Imported 1 records from conn.log
2026-03-05 14:53:40,234 - INFO - Imported 2 records from conn.log
2026-03-05 14:53:43,245 - INFO - Imported 1 records from conn.log
2026-03-05 14:53:44,250 - INFO - Imported 2 records from conn.log
2026-03-05 14:53:45,261 - INFO - Imported 1 records from conn.log
2026-03-05 14:53:50,356 - INFO - Imported 2 records from conn.log
2026-03-05 14:53:55,396 - INFO - Imported 1 records from conn.log
2026-03-05 14:53:56,406 - INFO - Imported 2 records from conn.log
2026-03-05 14:53:57,405 - INFO - Imported 1 records from conn.log
2026-03-05 14:53:59,416 - INFO - Imported 1 records from conn.log
2026-03-05 14:54:02,438 - INFO - Imported 1 records from conn.log
2026-03-05 14:54:07,527 - INFO - Imported 1 records from conn.log
2026-03-05 14:54:08,529 - INFO - Imported 2 records from conn.log
2026-03-05 14:54:09,529 - INFO - Imported 2 records from conn.log
2026-03-05 14:54:14,587 - INFO - Imported 1 records from conn.log
2026-03-05 14:54:19,608 - INFO - Imported 2 records from conn.log
2026-03-05 14:54:20,704 - INFO - Imported 2 records from conn.log
2026-03-05 14:54:21,716 - INFO - Imported 2 records from conn.log
2026-03-05 14:54:22,722 - INFO - Imported 2 records from conn.log
2026-03-05 14:54:23,824 - INFO - Imported 1 records from conn.log
2026-03-05 14:54:26,826 - INFO - Imported 1 records from conn.log
2026-03-05 14:54:28,849 - INFO - Imported 1 records from conn.log
2026-03-05 14:54:29,853 - INFO - Imported 2 records from conn.log
2026-03-05 14:54:33,867 - INFO - Imported 1 records from conn.log
2026-03-05 14:54:34,961 - INFO - Imported 2 records from conn.log
2026-03-05 14:54:35,970 - INFO - Imported 1 records from conn.log
2026-03-05 14:54:40,164 - INFO - Imported 1 records from conn.log
2026-03-05 14:54:41,169 - INFO - Imported 1 records from conn.log
2026-03-05 14:54:46,212 - INFO - Imported 1 records from conn.log
2026-03-05 14:54:47,227 - INFO - Imported 2 records from conn.log
2026-03-05 14:54:48,232 - INFO - Imported 1 records from conn.log
2026-03-05 14:54:50,247 - INFO - Imported 1 records from conn.log
2026-03-05 14:54:53,348 - INFO - Imported 1 records from conn.log
2026-03-05 14:54:58,355 - INFO - Imported 1 records from conn.log
2026-03-05 14:54:59,363 - INFO - Imported 2 records from conn.log
2026-03-05 14:55:00,468 - INFO - Imported 2 records from conn.log
2026-03-05 14:55:05,636 - INFO - Imported 1 records from conn.log
2026-03-05 14:55:09,659 - INFO - Imported 1 records from conn.log
2026-03-05 14:55:10,664 - INFO - Imported 1 records from conn.log
2026-03-05 14:55:11,669 - INFO - Imported 2 records from conn.log
2026-03-05 14:55:12,676 - INFO - Imported 1 records from conn.log
2026-03-05 14:55:17,719 - INFO - Imported 1 records from conn.log
2026-03-05 14:55:19,721 - INFO - Imported 2 records from conn.log
2026-03-05 14:55:22,731 - INFO - Imported 1 records from conn.log
2026-03-05 14:55:23,741 - INFO - Imported 2 records from conn.log
2026-03-05 14:55:24,742 - INFO - Imported 2 records from conn.log
2026-03-05 14:55:25,752 - INFO - Imported 2 records from conn.log
2026-03-05 14:55:26,838 - INFO - Imported 1 records from conn.log
2026-03-05 14:55:29,852 - INFO - Imported 2 records from conn.log
2026-03-05 14:55:31,864 - INFO - Imported 1 records from conn.log
2026-03-05 14:55:36,892 - INFO - Imported 1 records from conn.log
2026-03-05 14:55:37,893 - INFO - Imported 3 records from conn.log
2026-03-05 14:55:38,893 - INFO - Imported 1 records from conn.log
2026-03-05 14:55:39,904 - INFO - Imported 1 records from conn.log
2026-03-05 14:55:43,973 - INFO - Imported 1 records from conn.log
2026-03-05 14:55:48,991 - INFO - Imported 1 records from conn.log
2026-03-05 14:55:49,994 - INFO - Imported 3 records from conn.log
2026-03-05 14:55:50,996 - INFO - Imported 1 records from conn.log
2026-03-05 14:55:56,028 - INFO - Imported 1 records from conn.log
2026-03-05 14:56:00,219 - INFO - Imported 1 records from conn.log
2026-03-05 14:56:01,205 - INFO - Imported 1 records from conn.log
2026-03-05 14:56:02,215 - INFO - Imported 2 records from conn.log
2026-03-05 14:56:03,219 - INFO - Imported 1 records from conn.log
2026-03-05 14:56:08,230 - INFO - Imported 1 records from conn.log
2026-03-05 14:56:10,240 - INFO - Imported 2 records from conn.log
2026-03-05 14:56:13,241 - INFO - Imported 1 records from conn.log
2026-03-05 14:56:14,300 - INFO - Imported 2 records from conn.log
2026-03-05 14:56:15,304 - INFO - Imported 1 records from conn.log
2026-03-05 14:56:20,341 - INFO - Imported 2 records from conn.log
2026-03-05 14:56:25,492 - INFO - Imported 1 records from conn.log
2026-03-05 14:56:26,491 - INFO - Imported 2 records from conn.log
2026-03-05 14:56:27,502 - INFO - Imported 2 records from conn.log
2026-03-05 14:56:28,664 - INFO - Imported 2 records from conn.log
2026-03-05 14:56:29,568 - INFO - Imported 2 records from conn.log
2026-03-05 14:56:32,590 - INFO - Imported 1 records from conn.log
2026-03-05 14:56:34,595 - INFO - Imported 1 records from conn.log
2026-03-05 14:56:39,612 - INFO - Imported 2 records from conn.log
2026-03-05 14:56:40,620 - INFO - Imported 2 records from conn.log
2026-03-05 14:56:41,622 - INFO - Imported 1 records from conn.log
2026-03-05 14:56:46,731 - INFO - Imported 1 records from conn.log
2026-03-05 14:56:49,832 - INFO - Imported 1 records from conn.log
2026-03-05 14:56:51,838 - INFO - Imported 1 records from conn.log
2026-03-05 14:56:52,843 - INFO - Imported 2 records from conn.log
2026-03-05 14:56:53,848 - INFO - Imported 1 records from conn.log
2026-03-05 14:56:58,899 - INFO - Imported 1 records from conn.log
2026-03-05 14:56:59,901 - INFO - Imported 2 records from conn.log
2026-03-05 14:57:03,917 - INFO - Imported 1 records from conn.log
2026-03-05 14:57:04,969 - INFO - Imported 2 records from conn.log
2026-03-05 14:57:05,981 - INFO - Imported 1 records from conn.log
2026-03-05 14:57:09,997 - INFO - Imported 1 records from conn.log
2026-03-05 14:57:11,003 - INFO - Imported 1 records from conn.log
2026-03-05 14:57:16,032 - INFO - Imported 1 records from conn.log
2026-03-05 14:57:17,044 - INFO - Imported 2 records from conn.log
2026-03-05 14:57:18,046 - INFO - Imported 1 records from conn.log
2026-03-05 14:57:20,057 - INFO - Imported 1 records from conn.log
2026-03-05 14:57:23,259 - INFO - Imported 1 records from conn.log
2026-03-05 14:57:28,276 - INFO - Imported 1 records from conn.log
2026-03-05 14:57:29,282 - INFO - Imported 2 records from conn.log
2026-03-05 14:57:30,295 - INFO - Imported 3 records from conn.log
2026-03-05 14:57:31,299 - INFO - Imported 2 records from conn.log
2026-03-05 14:57:32,298 - INFO - Imported 1 records from conn.log
2026-03-05 14:57:35,311 - INFO - Imported 1 records from conn.log
2026-03-05 14:57:37,314 - INFO - Imported 1 records from conn.log
2026-03-05 14:57:40,347 - INFO - Imported 1 records from conn.log
2026-03-05 14:57:42,448 - INFO - Imported 1 records from conn.log
2026-03-05 14:57:43,455 - INFO - Imported 2 records from conn.log
2026-03-05 14:57:44,455 - INFO - Imported 1 records from conn.log
2026-03-05 14:57:49,657 - INFO - Imported 3 records from conn.log
2026-03-05 14:57:54,665 - INFO - Imported 1 records from conn.log
2026-03-05 14:57:55,668 - INFO - Imported 2 records from conn.log
2026-03-05 14:57:56,671 - INFO - Imported 1 records from conn.log
2026-03-05 14:57:59,677 - INFO - Imported 1 records from conn.log
2026-03-05 14:58:01,693 - INFO - Imported 4 records from conn.log
2026-03-05 14:58:02,822 - INFO - Imported 2 records from conn.log
2026-03-05 14:58:04,867 - INFO - Imported 2 records from conn.log
2026-03-05 14:58:07,867 - INFO - Imported 3 records from conn.log
2026-03-05 14:58:09,884 - INFO - Imported 1 records from conn.log
2026-03-05 14:58:12,873 - INFO - Imported 1 records from conn.log
